#
# There is insufficient memory for the Java Runtime Environment to continue.
# Native memory allocation (malloc) failed to allocate 1048576 bytes for AllocateHeap
# Possible reasons:
#   The system is out of physical RAM or swap space
#   In 32 bit mode, the process size limit was hit
# Possible solutions:
#   Reduce memory load on the system
#   Increase physical memory or swap space
#   Check if swap backing store is full
#   Use 64 bit Java on a 64 bit OS
#   Decrease Java heap size (-Xmx/-Xms)
#   Decrease number of Java threads
#   Decrease Java thread stack sizes (-Xss)
#   Set larger code cache with -XX:ReservedCodeCacheSize=
# This output file may be truncated or incomplete.
#
#  Out of Memory Error (memory/allocation.inline.hpp:61), pid=15300, tid=0x00000000000025bc
#
# JRE version:  (8.0_144-b01) (build )
# Java VM: Java HotSpot(TM) 64-Bit Server VM (25.144-b01 mixed mode windows-amd64 compressed oops)
# Failed to write core dump. Minidumps are not enabled by default on client versions of Windows
#

---------------  T H R E A D  ---------------

Current thread (0x00000000032b0800):  JavaThread "Unknown thread" [_thread_in_vm, id=9660, stack(0x00000000031b0000,0x00000000032b0000)]

Stack: [0x00000000031b0000,0x00000000032b0000]
[error occurred during error reporting (printing stack bounds), id 0xc0000005]

Native frames: (J=compiled Java code, j=interpreted, Vv=VM code, C=native code)


---------------  P R O C E S S  ---------------

Java Threads: ( => current thread )

Other Threads:

=>0x00000000032b0800 (exited) JavaThread "Unknown thread" [_thread_in_vm, id=9660, stack(0x00000000031b0000,0x00000000032b0000)]

VM state:not at safepoint (normal execution)

VM Mutex/Monitor currently owned by a thread: None

Heap:
 PSYoungGen      total 38400K, used 665K [0x00000000d5d00000, 0x00000000d8780000, 0x0000000100000000)
  eden space 33280K, 2% used [0x00000000d5d00000,0x00000000d5da6670,0x00000000d7d80000)
  from space 5120K, 0% used [0x00000000d8280000,0x00000000d8280000,0x00000000d8780000)
  to   space 5120K, 0% used [0x00000000d7d80000,0x00000000d7d80000,0x00000000d8280000)
 ParOldGen       total 87552K, used 0K [0x0000000081600000, 0x0000000086b80000, 0x00000000d5d00000)
  object space 87552K, 0% used [0x0000000081600000,0x0000000081600000,0x0000000086b80000)
 Metaspace       used 746K, capacity 4480K, committed 4480K, reserved 1056768K
  class space    used 75K, capacity 384K, committed 384K, reserved 1048576K

Card table byte_map: [0x0000000012770000,0x0000000012b70000] byte_map_base: 0x0000000012365000

Marking Bits: (ParMarkBitMap*) 0x000000005cefd850
 Begin Bits: [0x0000000013620000, 0x00000000155c8000)
 End Bits:   [0x00000000155c8000, 0x0000000017570000)

Polling page: 0x00000000014a0000

CodeCache: size=245760Kb used=328Kb max_used=328Kb free=245431Kb
 bounds [0x00000000033b0000, 0x0000000003620000, 0x00000000123b0000]
 total_blobs=58 nmethods=0 adapters=38
 compilation: enabled

Compilation events (0 events):
No events

GC Heap History (0 events):
No events

Deoptimization events (0 events):
No events

Internal exceptions (0 events):
No events

Events (10 events):
Event: 0.044 loading class java/lang/Short
Event: 0.045 loading class java/lang/Short done
Event: 0.045 loading class java/lang/Integer
Event: 0.045 loading class java/lang/Integer done
Event: 0.045 loading class java/lang/Long
Event: 0.045 loading class java/lang/Long done
Event: 0.046 loading class java/lang/NullPointerException
Event: 0.046 loading class java/lang/NullPointerException done
Event: 0.046 loading class java/lang/ArithmeticException
Event: 0.046 loading class java/lang/ArithmeticException done


Dynamic libraries:
0x00007ff795570000 - 0x00007ff7955a7000 	C:\Program Files (x86)\Java\bin\javaw.exe
0x00007ffec0410000 - 0x00007ffec05eb000 	C:\Windows\SYSTEM32\ntdll.dll
0x00007ffec00a0000 - 0x00007ffec014e000 	C:\Windows\System32\KERNEL32.DLL
0x00007ffebc930000 - 0x00007ffebcb79000 	C:\Windows\System32\KERNELBASE.dll
0x00007ffebd9d0000 - 0x00007ffebda71000 	C:\Windows\System32\ADVAPI32.dll
0x00007ffebf9e0000 - 0x00007ffebfa7d000 	C:\Windows\System32\msvcrt.dll
0x00007ffebfb40000 - 0x00007ffebfb99000 	C:\Windows\System32\sechost.dll
0x00007ffebf8b0000 - 0x00007ffebf9d5000 	C:\Windows\System32\RPCRT4.dll
0x00007ffec02c0000 - 0x00007ffec040a000 	C:\Windows\System32\USER32.dll
0x00007ffebcce0000 - 0x00007ffebccfe000 	C:\Windows\System32\win32u.dll
0x00007ffebf880000 - 0x00007ffebf8a7000 	C:\Windows\System32\GDI32.dll
0x00007ffebd7e0000 - 0x00007ffebd968000 	C:\Windows\System32\gdi32full.dll
0x00007ffebd740000 - 0x00007ffebd7da000 	C:\Windows\System32\msvcp_win.dll
0x00007ffebcb80000 - 0x00007ffebcc76000 	C:\Windows\System32\ucrtbase.dll
0x00007ffeb1c30000 - 0x00007ffeb1e97000 	C:\Windows\WinSxS\amd64_microsoft.windows.common-controls_6595b64144ccf1df_6.0.15063.483_none_26002d27e7c744a2\COMCTL32.dll
0x00007ffebda80000 - 0x00007ffebdd79000 	C:\Windows\System32\combase.dll
0x00007ffebd6d0000 - 0x00007ffebd73a000 	C:\Windows\System32\bcryptPrimitives.dll
0x00007ffebf730000 - 0x00007ffebf75d000 	C:\Windows\System32\IMM32.DLL
0x00007ffebb860000 - 0x00007ffebb891000 	C:\Windows\system32\nvinitx.dll
0x00007ffebb820000 - 0x00007ffebb82a000 	C:\Windows\SYSTEM32\VERSION.dll
0x000000005e2f0000 - 0x000000005e2f6000 	C:\Program Files\NVIDIA Corporation\CoProcManager\_etoured.dll
0x00007ffeb8370000 - 0x00007ffeb83aa000 	C:\Program Files\NVIDIA Corporation\CoProcManager\nvd3d9wrapx.dll
0x00007ffebfba0000 - 0x00007ffebffdb000 	C:\Windows\System32\SETUPAPI.dll
0x00007ffebcd00000 - 0x00007ffebcd49000 	C:\Windows\System32\cfgmgr32.dll
0x00007ffeb81a0000 - 0x00007ffeb81c4000 	C:\Program Files\NVIDIA Corporation\CoProcManager\nvdxgiwrapx.dll
0x000000005c430000 - 0x000000005c502000 	C:\Program Files (x86)\Java\bin\msvcr100.dll
0x000000005c6e0000 - 0x000000005cf7d000 	C:\Program Files (x86)\Java\bin\server\jvm.dll
0x00007ffebfff0000 - 0x00007ffebfff8000 	C:\Windows\System32\PSAPI.DLL
0x00007ffeba080000 - 0x00007ffeba0a3000 	C:\Windows\SYSTEM32\WINMM.dll
0x00007ffeabba0000 - 0x00007ffeabba9000 	C:\Windows\SYSTEM32\WSOCK32.dll
0x00007ffebf760000 - 0x00007ffebf7cc000 	C:\Windows\System32\WS2_32.dll
0x00007ffeb9d70000 - 0x00007ffeb9d9b000 	C:\Windows\SYSTEM32\WINMMBASE.dll
0x000000005c5f0000 - 0x000000005c5ff000 	C:\Program Files (x86)\Java\bin\verify.dll
0x000000005c5c0000 - 0x000000005c5e9000 	C:\Program Files (x86)\Java\bin\java.dll
0x000000005c5a0000 - 0x000000005c5b6000 	C:\Program Files (x86)\Java\bin\zip.dll

VM Arguments:
jvm_args: -Dfile.encoding=Cp1252 
java_command: FileSystem.Root
java_class_path (initial): D:\IT\Eclipse-Workspace\SystemDir\bin
Launcher Type: SUN_STANDARD

Environment Variables:
PATH=C:/Program Files (x86)/Java/bin/server;C:/Program Files (x86)/Java/bin;C:/Program Files (x86)/Java/lib/amd64;C:\ProgramData\Oracle\Java\javapath;C:\Program Files\Microsoft MPI\Bin\;C:\Windows\system32;C:\Windows;C:\Windows\System32\Wbem;C:\Windows\System32\WindowsPowerShell\v1.0\;C:\Program Files (x86)\Intel\OpenCL SDK\2.0\bin\x86;C:\Program Files (x86)\Intel\OpenCL SDK\2.0\bin\x64;C:\Program Files\Microsoft SQL Server\130\Tools\Binn\;C:\Program Files\dotnet\;C:\Program Files\Anaconda3;C:\Program Files\Anaconda3\Scripts;C:\Program Files\Anaconda3\Library\bin;C:\Program Files (x86)\GtkSharp\2.12\bin;C:\Program Files\Git\cmd;C:\Users\Boris\AppData\Local\Microsoft\WindowsApps;;C:\Users\Boris\Desktop;
USERNAME=Boris
OS=Windows_NT
PROCESSOR_IDENTIFIER=Intel64 Family 6 Model 42 Stepping 7, GenuineIntel



---------------  S Y S T E M  ---------------

OS: Windows 10.0 , 64 bit Build 15063 (10.0.15063.296)

CPU:total 8 (initial active 8) (4 cores per cpu, 2 threads per core) family 6 model 42 stepping 7, cmov, cx8, fxsr, mmx, sse, sse2, sse3, ssse3, sse4.1, sse4.2, popcnt, avx, aes, clmul, ht, tsc, tscinvbit

Memory: 4k page, physical 8292388k(4417336k free), swap 25071264k(4500k free)

vm_info: Java HotSpot(TM) 64-Bit Server VM (25.144-b01) for windows-amd64 JRE (1.8.0_144-b01), built on Jul 21 2017 21:57:33 by "java_re" with MS VC++ 10.0 (VS2010)

time: Wed Sep 06 01:13:09 2017
elapsed time: 0 seconds (0d 0h 0m 0s)

